BEGIN 3:cfs_apb_if:fast__2:work
    pwdata :  1:testbench:fast:work
    pready :  1:testbench:fast:work
    prdata :  1:testbench:fast:work
    pwrite :  1:testbench:fast:work
    penable :  1:testbench:fast:work
    paddr :  1:testbench:fast:work
    psel :  1:testbench:fast:work
    pslverr :  1:testbench:fast:work
    preset_n :  1:testbench:fast:work
END 
BEGIN 1:cfs_synch_fifo:fast:work
    push_valid :  1:testbench:fast:work
    push_ready :  1:testbench:fast:work
    pop_valid :  1:testbench:fast:work
    pop_ready :  1:testbench:fast:work
END 
BEGIN 3:cfs_algn_if:fast__2:work
    reset_n :  1:testbench:fast:work
    tx_fifo_push :  1:testbench:fast:work
    tx_fifo_pop :  1:testbench:fast:work
    rx_fifo_push :  1:testbench:fast:work
    irq :  1:testbench:fast:work
    rx_fifo_pop :  1:testbench:fast:work
END 
BEGIN 3:cfs_algn_if:fast__1:work
    tx_fifo_push :  1:cfs_algn_pkg:fast:work
    clk :  1:cfs_algn_test_pkg:fast:work 1:cfs_algn_pkg:fast:work
    irq :  1:cfs_algn_pkg:fast:work
    tx_fifo_pop :  1:cfs_algn_pkg:fast:work
    reset_n :  1:cfs_algn_pkg:fast:work
    rx_fifo_push :  1:cfs_algn_pkg:fast:work
    rx_fifo_pop :  1:cfs_algn_pkg:fast:work
END 
BEGIN 3:cfs_md_if:fast__2:work
    reset_n :  1:testbench:fast:work
    valid :  1:testbench:fast:work
    data :  1:testbench:fast:work
    offset :  1:testbench:fast:work
    ready :  1:testbench:fast:work
    err :  1:testbench:fast:work
    size :  1:testbench:fast:work
END 
