QuestaSim-64 qrun 2024.3_1 Utility 2024.10 Oct 17 2024
Start time: 03:45:01 on Nov 03,2025
qrun -batch -access=rw+/. -uvmhome uvm-1.2 -timescale 1ns/1ns -mfcu design.sv testbench.sv -voptargs="+acc=npr" "+UVM_TESTNAME=cfs_algn_test_random" "+UVM_MAX_QUIT_COUNT=1" -do " run -all; exit" 
Creating library 'qrun.out/work'.
Mapping library 'mtiUvm' to 'qrun.out/work'.
QuestaSim-64 vlog 2024.3_1 Compiler 2024.10 Oct 17 2024
Start time: 03:45:01 on Nov 03,2025
vlog -timescale 1ns/1ns -mfcu -ccflags "-Wno-missing-declarations" -ccflags "-Wno-maybe-uninitialized" -ccflags "-Wno-return-type" -ccflags "-DQUESTA" /usr/share/questa/questasim/verilog_src/uvm-1.2/src/dpi/uvm_dpi.cc /usr/share/questa/questasim/verilog_src/uvm-1.2/src/uvm_pkg.sv /usr/share/questa/questasim/verilog_src/questa_uvm_pkg-1.2/src/questa_uvm_pkg.sv design.sv testbench.sv -work qrun.out/work "+incdir+/usr/share/questa/questasim/verilog_src/uvm-1.2/src" -statslog qrun.out/stats_log -writesessionid "+qrun.out/top_dus" -csession=incr 
-- Compiling package uvm_pkg (uvm-1.2 Built-in)
-- Compiling package questa_uvm_pkg
-- Importing package uvm_pkg (uvm-1.2 Built-in)
-- Compiling module cfs_synch
-- Compiling module cfs_synch_fifo
-- Compiling module cfs_rx_ctrl
-- Compiling module cfs_ctrl
-- Compiling module cfs_tx_ctrl
-- Compiling module cfs_edge_detect
-- Compiling module cfs_regs
-- Compiling module cfs_aligner_core
-- Compiling module cfs_aligner
-- Compiling package uvm_ext_pkg
-- Compiling interface cfs_apb_if
-- Compiling package cfs_apb_pkg
-- Importing package uvm_ext_pkg
-- Compiling interface cfs_md_if
-- Compiling package cfs_md_pkg
-- Compiling package cfs_algn_reg_pkg
-- Compiling interface cfs_algn_if
-- Compiling package cfs_algn_pkg
-- Importing package cfs_apb_pkg
-- Importing package cfs_md_pkg
-- Importing package cfs_algn_reg_pkg
** Warning: ** while parsing file included at testbench.sv(8)
** while parsing file included at cfs_algn_test_pkg.sv(11)
** while parsing file included at cfs_algn_pkg.sv(34)
** at cfs_algn_scoreboard.sv(104): (vlog-13528) Extra Parentheses after time system function.
** Warning: ** while parsing file included at testbench.sv(8)
** while parsing file included at cfs_algn_test_pkg.sv(11)
** while parsing file included at cfs_algn_pkg.sv(34)
** at cfs_algn_scoreboard.sv(120): (vlog-13528) Extra Parentheses after time system function.
** Warning: ** while parsing file included at testbench.sv(8)
** while parsing file included at cfs_algn_test_pkg.sv(11)
** while parsing file included at cfs_algn_pkg.sv(34)
** at cfs_algn_scoreboard.sv(136): (vlog-13528) Extra Parentheses after time system function.
-- Compiling package cfs_algn_test_pkg
-- Importing package cfs_algn_pkg
-- Compiling module testbench
-- Importing package cfs_algn_test_pkg

Top level modules:
	testbench
-- Compiling DPI/PLI C++ file /usr/share/questa/questasim/verilog_src/uvm-1.2/src/dpi/uvm_dpi.cc

In file included from /usr/share/questa/questasim/verilog_src/uvm-1.2/src/dpi/uvm_hdl.c:27,
                 from /usr/share/questa/questasim/verilog_src/uvm-1.2/src/dpi/uvm_dpi.cc:37:
/usr/share/questa/questasim/verilog_src/uvm-1.2/src/dpi/uvm_hdl_questa.c: In function 'int uvm_is_vhdl_path(char*)':
/usr/share/questa/questasim/verilog_src/uvm-1.2/src/dpi/uvm_hdl_questa.c:90:12: warning: 'char* strncpy(char*, const char*, size_t)' specified bound depends on the length of the source argument [-Wstringop-overflow=]
   90 |     strncpy(path_copy, path, path_len);
      |     ~~~~~~~^~~~~~~~~~~~~~~~~~~~~~~~~~~
/usr/share/questa/questasim/verilog_src/uvm-1.2/src/dpi/uvm_hdl_questa.c:72:20: note: length computed here
   72 |   path_len = strlen(path);
      |              ~~~~~~^~~~~~

End time: 03:45:03 on Nov 03,2025, Elapsed time: 0:00:02
Errors: 0, Warnings: 3
QuestaSim-64 vopt 2024.3_1 Compiler 2024.10 Oct 17 2024
** Warning: (vopt-10587) Some optimizations are turned off because the +acc switch is in effect. This will cause your simulation to run slowly. Please use -access/-debug to maintain needed visibility. The +acc switch would be deprecated in a future release.
Start time: 03:45:03 on Nov 03,2025
vopt -access=rw+/. -timescale 1ns/1ns -mfcu "+acc=npr" -findtoplevels qrun.out/work+1+ -work qrun.out/work -statslog qrun.out/stats_log -csession=incr -o qrun_opt -csessionid=2 

Top level modules:
	testbench

Analyzing design...
-- Loading module testbench
-- Importing package uvm_pkg (uvm-1.2 Built-in)
-- Importing package cfs_algn_test_pkg
-- Importing package cfs_algn_pkg
-- Importing package uvm_ext_pkg
-- Importing package cfs_apb_pkg
-- Importing package cfs_md_pkg
-- Importing package cfs_algn_reg_pkg
-- Loading package questa_uvm_pkg
-- Loading interface cfs_apb_if
-- Loading interface cfs_md_if
-- Loading interface cfs_algn_if
-- Loading module cfs_aligner
-- Loading module cfs_aligner_core
-- Loading module cfs_rx_ctrl
-- Loading module cfs_synch
-- Loading module cfs_synch_fifo
-- Loading module cfs_tx_ctrl
-- Loading module cfs_ctrl
-- Loading module cfs_regs
-- Loading module cfs_edge_detect
Optimizing 25 design-units (inlining 0/19 module instances):
-- Optimizing package questa_uvm_pkg(fast)
-- Optimizing package uvm_ext_pkg(fast)
-- Optimizing package cfs_apb_pkg(fast)
-- Optimizing package cfs_md_pkg(fast)
** Warning: cfs_md_pkg.sv(506): (vopt-2250) Function "get_data_width" has no return value assignment.
-- Optimizing package cfs_algn_reg_pkg(fast)
-- Optimizing package cfs_algn_pkg(fast)
** Warning: cfs_algn_scoreboard.sv(104): (vopt-13528) Extra Parentheses after time system function.
** Warning: cfs_algn_scoreboard.sv(120): (vopt-13528) Extra Parentheses after time system function.
** Warning: cfs_algn_scoreboard.sv(136): (vopt-13528) Extra Parentheses after time system function.
-- Optimizing package cfs_algn_test_pkg(fast)
-- Optimizing interface cfs_apb_if(fast__2)
-- Optimizing interface cfs_md_if(fast__2)
-- Optimizing module cfs_ctrl(fast)
-- Optimizing module cfs_regs(fast)
-- Optimizing module cfs_synch_fifo(fast)
-- Optimizing module cfs_aligner_core(fast)
-- Optimizing module testbench(fast)
-- Optimizing module cfs_rx_ctrl(fast)
-- Optimizing module cfs_aligner(fast)
-- Optimizing module cfs_tx_ctrl(fast)
-- Optimizing module cfs_edge_detect(fast)
-- Optimizing module cfs_edge_detect(fast__1)
-- Optimizing module cfs_synch(fast)
-- Optimizing interface cfs_algn_if(fast__2)
-- Optimizing interface cfs_algn_if(fast)
-- Optimizing interface cfs_md_if(fast)
-- Optimizing interface cfs_apb_if(fast)
-- Optimizing package uvm_pkg (uvm-1.2 Built-in)(fast)
Optimized design name is qrun_opt
End time: 03:45:09 on Nov 03,2025, Elapsed time: 0:00:06
Errors: 0, Warnings: 5
# vsim -batch "+UVM_TESTNAME=cfs_algn_test_random" "+UVM_MAX_QUIT_COUNT=1" -lib qrun.out/work -do " run -all; exit" -statslog qrun.out/stats_log qrun_opt -appendlog -l qrun.log 
# Start time: 03:45:09 on Nov 03,2025
# Loading /tmp/unknown@33fb3f82f3ac_dpi_57/linux_x86_64_gcc-10.3.0/export_tramp.so
# //  Questa Sim-64
# //  Version 2024.3_1 linux_x86_64 Oct 17 2024
# //
# // Unpublished work. Copyright 2024 Siemens
# //
# // This material contains trade secrets or otherwise confidential information
# // owned by Siemens Industry Software Inc. or its affiliates (collectively,
# // "SISW"), or its licensors. Access to and use of this information is strictly
# // limited as set forth in the Customer's applicable agreements with SISW.
# //
# // This material may not be copied, distributed, or otherwise disclosed outside
# // of the Customer's facilities without the express written permission of SISW,
# // and may not be used in any way not expressly authorized by SISW.
# //
# Loading sv_std.std
# Loading work.cfs_algn_if(fast)
# Loading work.cfs_md_if(fast)
# Loading work.cfs_apb_if(fast)
# Loading work.uvm_pkg(fast)
# Loading work.cfs_algn_reg_pkg(fast)
# Loading work.uvm_ext_pkg(fast)
# Loading work.cfs_md_pkg(fast)
# Loading work.cfs_apb_pkg(fast)
# Loading work.cfs_algn_pkg(fast)
# Loading work.cfs_algn_test_pkg(fast)
# Loading work.questa_uvm_pkg(fast)
# Loading work.testbench(fast)
# Loading work.cfs_apb_if(fast__2)
# Loading work.cfs_md_if(fast__2)
# Loading work.cfs_algn_if(fast__2)
# Loading work.cfs_aligner(fast)
# Loading work.cfs_aligner_core(fast)
# Loading work.cfs_rx_ctrl(fast)
# Loading work.cfs_synch(fast)
# Loading work.cfs_synch_fifo(fast)
# Loading work.cfs_tx_ctrl(fast)
# Loading work.cfs_ctrl(fast)
# Loading work.cfs_regs(fast)
# Loading work.cfs_edge_detect(fast)
# Loading work.cfs_edge_detect(fast__1)
# Compiling /tmp/unknown@33fb3f82f3ac_dpi_57/linux_x86_64_gcc-10.3.0/exportwrapper.c
# Loading /tmp/unknown@33fb3f82f3ac_dpi_57/linux_x86_64_gcc-10.3.0/vsim_auto_compile.so
# 
# run -all
# UVM_INFO /usr/share/questa/questasim/verilog_src/uvm-1.2/src/base/uvm_root.svh(392) @ 0: reporter [UVM/RELNOTES] 
# ----------------------------------------------------------------
# UVM-1.2
# (C) 2007-2014 Mentor Graphics Corporation
# (C) 2007-2014 Cadence Design Systems, Inc.
# (C) 2006-2014 Synopsys, Inc.
# (C) 2011-2013 Cypress Semiconductor Corp.
# (C) 2013-2014 NVIDIA Corporation
# ----------------------------------------------------------------
# 
#   ***********       IMPORTANT RELEASE NOTES         ************
# 
#   You are using a version of the UVM library that has been compiled
#   with `UVM_NO_DEPRECATED undefined.
#   See http://www.eda.org/svdb/view.php?id=3313 for more details.
# 
#   You are using a version of the UVM library that has been compiled
#   with `UVM_OBJECT_DO_NOT_NEED_CONSTRUCTOR undefined.
#   See http://www.eda.org/svdb/view.php?id=3770 for more details.
# 
#       (Specify +UVM_NO_RELNOTES to turn off this notice)
# 
# UVM_INFO /usr/share/questa/questasim/verilog_src/questa_uvm_pkg-1.2/src/questa_uvm_pkg.sv(277) @ 0: reporter [Questa UVM] QUESTA_UVM-1.2.3
# UVM_INFO /usr/share/questa/questasim/verilog_src/questa_uvm_pkg-1.2/src/questa_uvm_pkg.sv(278) @ 0: reporter [Questa UVM]  questa_uvm::init(+struct)
# UVM_INFO @ 0: reporter [RNTST] Running test cfs_algn_test_random...
# UVM_INFO @ 0: reporter [MAXQUITSET] '+UVM_MAX_QUIT_COUNT=1' provided on the command line is being applied.
# ** Warning: (vsim-12051) Illegal assignment in cast to class work.cfs_md_pkg::cfs_md_sequencer_base_master from class work.uvm_ext_pkg::uvm_ext_sequencer #(class work.cfs_md_pkg::cfs_md_item_drv_master)
#    Time: 0 ns  Iteration: 20  Process: /uvm_pkg::uvm_phase::m_run_phases/#FORK#2213_7f71544fd5a File: cfs_algn_env.sv Line: 129
# ** Warning: (vsim-12051) Illegal assignment in cast to class work.cfs_md_pkg::cfs_md_sequencer_base_slave from class work.uvm_ext_pkg::uvm_ext_sequencer #(class work.cfs_md_pkg::cfs_md_item_drv_slave)
#    Time: 0 ns  Iteration: 20  Process: /uvm_pkg::uvm_phase::m_run_phases/#FORK#2213_7f71544fd5a File: cfs_algn_env.sv Line: 130
# UVM_INFO cfs_apb_pkg.sv(459) @ 100: uvm_test_top.env.apb_agent.driver [ITEM_START] Driving "default_parent_seq.item": dir: CFS_APB_WRITE, addr: f4, data: 3, pre_drive_delay: 0, post_drive_delay: 5
# UVM_INFO cfs_apb_pkg.sv(254) @ 125: uvm_test_top.env.apb_agent.monitor [ITEM_END] Monitored item:: dir: CFS_APB_WRITE, addr: f4, data: 3, response: CFS_APB_OKAY, length: 3, prev_item_delay: 7
# UVM_INFO cfs_apb_pkg.sv(459) @ 175: uvm_test_top.env.apb_agent.driver [ITEM_START] Driving "default_parent_seq.item": dir: CFS_APB_WRITE, addr: f0, data: 17, pre_drive_delay: 3, post_drive_delay: 5
# UVM_INFO cfs_apb_pkg.sv(254) @ 235: uvm_test_top.env.apb_agent.monitor [ITEM_END] Monitored item:: dir: CFS_APB_WRITE, addr: f0, data: 17, response: CFS_APB_OKAY, length: 3, prev_item_delay: 8
# UVM_INFO cfs_apb_pkg.sv(459) @ 285: uvm_test_top.env.apb_agent.driver [ITEM_START] Driving "default_parent_seq.item": dir: CFS_APB_WRITE, addr: 0, data: 201, pre_drive_delay: 3, post_drive_delay: 5
# UVM_INFO cfs_apb_pkg.sv(254) @ 345: uvm_test_top.env.apb_agent.monitor [ITEM_END] Monitored item:: dir: CFS_APB_WRITE, addr: 0, data: 201, response: CFS_APB_OKAY, length: 3, prev_item_delay: 8
# UVM_INFO cfs_md_pkg.sv(627) @ 395: uvm_test_top.env.md_rx_agent.driver [ITEM_START] Driving "uvm_test_top.env.md_rx_agent.sequencer.seq.item": data: {'h58, 'hc7, 'hb6}, offset: 1, pre_drive_delay: 5, post_drive_delay: 1
# UVM_INFO cfs_md_pkg.sv(332) @ 446: uvm_test_top.env.md_rx_agent.monitor [ITEM_START] Monitor started collecting item: [446..] data: {'h58, 'hc7, 'hb6}, size: 3, offset: 1, response: CFS_MD_OKAY, length: 1, prev_item_delay: 41
# UVM_INFO cfs_algn_model.sv(368) @ 446: uvm_test_top.env.model [CNT_DROP] Increment reg_block.STATUS.CNT_DROP: 1 due to: CFS_MD_ERR
# UVM_INFO cfs_md_pkg.sv(355) @ 455: uvm_test_top.env.md_rx_agent.monitor [ITEM_END] Monitored item: [446..455] data: {'h58, 'hc7, 'hb6}, size: 3, offset: 1, response: CFS_MD_ERR, length: 1, prev_item_delay: 41
# UVM_INFO cfs_md_pkg.sv(627) @ 465: uvm_test_top.env.md_rx_agent.driver [ITEM_START] Driving "uvm_test_top.env.md_rx_agent.sequencer.seq.item": data: {'hce}, offset: 3, pre_drive_delay: 4, post_drive_delay: 0
# UVM_INFO cfs_md_pkg.sv(332) @ 506: uvm_test_top.env.md_rx_agent.monitor [ITEM_START] Monitor started collecting item: [506..] data: {'hce}, size: 1, offset: 3, response: CFS_MD_OKAY, length: 1, prev_item_delay: 5
# ** Fatal: (SIGSEGV) Bad handle or reference.
#    Time: 515 ns  Iteration: 1  Process: /cfs_md_pkg::uvm_ext_monitor #(virtual cfs_md_if #(32), cfs_md_pkg::cfs_md_item_mon)::collect_transactions/#FORK#154_7f71544f7e4 File: cfs_algn_scoreboard.sv
# Fatal error in Function cfs_algn_scoreboard::write_in_agent_rx at cfs_algn_scoreboard.sv line 242
# 
# HDL call sequence:
# Stopped at cfs_algn_scoreboard.sv 242  Function cfs_algn_scoreboard::write_in_agent_rx
# called from  cfs_algn_scoreboard.sv 14  Function uvm_analysis_imp_in_agent_rx::write
# called from  /usr/share/questa/questasim/verilog_src/uvm-1.2/src/tlm1/uvm_analysis_port.svh 76  Function uvm_analysis_port::write
# called from  cfs_md_pkg.sv 353  Task cfs_md_monitor::collect_transaction
# called from  uvm_ext_pkg.sv 158  Task uvm_ext_monitor::collect_transactions
# exit
# End time: 03:45:11 on Nov 03,2025, Elapsed time: 0:00:02
# Errors: 1, Warnings: 2
End time: 03:45:11 on Nov 03,2025, Elapsed time: 0:00:10
*** Summary *********************************************
    qrun: Errors:   0, Warnings:   0
    vlog: Errors:   0, Warnings:   3
    vopt: Errors:   0, Warnings:   5
    vsim: Errors:   1, Warnings:   2
  Totals: Errors:   1, Warnings:  10
